<?xml version="1.0" encoding="UTF-8"?>
<!DOCTYPE coverage SYSTEM "http://cobertura.sourceforge.net/xml/coverage-04.dtd">
<coverage line-rate="0.11009174311927" branch-rate="0" lines-covered="12" lines-valid="109" branches-covered="0" branches-valid="0" complexity="42" version="0.4" timestamp="1656630592">
  <sources>
    <source>/var/www/html/app</source>
  </sources>
  <packages>
    <package name="" line-rate="1" branch-rate="0" complexity="2">
      <classes>
        <class name="App\Console\Kernel" filename="Console/Kernel.php" line-rate="1" branch-rate="0" complexity="2">
          <methods>
            <method name="commands" signature="" line-rate="1" branch-rate="0" complexity="1">
              <lines>
                <line number="28" hits="3"/>
                <line number="30" hits="3"/>
              </lines>
            </method>
          </methods>
          <lines>
            <line number="28" hits="3"/>
            <line number="30" hits="3"/>
          </lines>
        </class>
      </classes>
    </package>
    <package name="" line-rate="0" branch-rate="0" complexity="1">
      <classes>
        <class name="App\Exceptions\Handler" filename="Exceptions/Handler.php" line-rate="0" branch-rate="0" complexity="1">
          <methods>
            <method name="register" signature="" line-rate="0" branch-rate="0" complexity="1">
              <lines>
                <line number="37" hits="0"/>
              </lines>
            </method>
          </methods>
          <lines>
            <line number="37" hits="0"/>
          </lines>
        </class>
      </classes>
    </package>
    <package name="" line-rate="0" branch-rate="0" complexity="0">
      <classes>
        <class name="App\Http\Controllers\Controller" filename="Http/Controllers/Controller.php" line-rate="0" branch-rate="0" complexity="0">
          <methods/>
          <lines/>
        </class>
      </classes>
    </package>
    <package name="" line-rate="0.17142857142857" branch-rate="0" complexity="11">
      <classes>
        <class name="App\Http\Controllers\DirectoriesController" filename="Http/Controllers/DirectoriesController.php" line-rate="0.17142857142857" branch-rate="0" complexity="11">
          <methods>
            <method name="index" signature="" line-rate="0.75" branch-rate="0" complexity="2">
              <lines>
                <line number="19" hits="3"/>
                <line number="20" hits="3"/>
                <line number="22" hits="3"/>
                <line number="24" hits="0"/>
                <line number="25" hits="0"/>
                <line number="28" hits="3"/>
                <line number="35" hits="3"/>
                <line number="37" hits="3"/>
              </lines>
            </method>
            <method name="search" signature="" line-rate="0" branch-rate="0" complexity="1">
              <lines>
                <line number="46" hits="0"/>
              </lines>
            </method>
            <method name="create" signature="mixed $directories_id" line-rate="0" branch-rate="0" complexity="1">
              <lines>
                <line number="57" hits="0"/>
              </lines>
            </method>
            <method name="store" signature="Illuminate\Http\Request $request" line-rate="0" branch-rate="0" complexity="2">
              <lines>
                <line number="78" hits="0"/>
                <line number="82" hits="0"/>
                <line number="83" hits="0"/>
                <line number="84" hits="0"/>
                <line number="85" hits="0"/>
                <line number="86" hits="0"/>
                <line number="88" hits="0"/>
                <line number="89" hits="0"/>
                <line number="90" hits="0"/>
                <line number="93" hits="0"/>
              </lines>
            </method>
            <method name="edit" signature="int $id" line-rate="0" branch-rate="0" complexity="1">
              <lines>
                <line number="104" hits="0"/>
                <line number="111" hits="0"/>
                <line number="115" hits="0"/>
                <line number="116" hits="0"/>
                <line number="117" hits="0"/>
              </lines>
            </method>
            <method name="update" signature="Illuminate\Http\Request $request, $id" line-rate="0" branch-rate="0" complexity="2">
              <lines>
                <line number="133" hits="0"/>
                <line number="137" hits="0"/>
                <line number="138" hits="0"/>
                <line number="140" hits="0"/>
                <line number="141" hits="0"/>
                <line number="142" hits="0"/>
                <line number="145" hits="0"/>
              </lines>
            </method>
            <method name="delete" signature="$id" line-rate="0" branch-rate="0" complexity="1">
              <lines>
                <line number="156" hits="0"/>
              </lines>
            </method>
            <method name="destroy" signature="$id" line-rate="0" branch-rate="0" complexity="1">
              <lines>
                <line number="177" hits="0"/>
                <line number="178" hits="0"/>
              </lines>
            </method>
          </methods>
          <lines>
            <line number="19" hits="3"/>
            <line number="20" hits="3"/>
            <line number="22" hits="3"/>
            <line number="24" hits="0"/>
            <line number="25" hits="0"/>
            <line number="28" hits="3"/>
            <line number="35" hits="3"/>
            <line number="37" hits="3"/>
            <line number="46" hits="0"/>
            <line number="57" hits="0"/>
            <line number="78" hits="0"/>
            <line number="82" hits="0"/>
            <line number="83" hits="0"/>
            <line number="84" hits="0"/>
            <line number="85" hits="0"/>
            <line number="86" hits="0"/>
            <line number="88" hits="0"/>
            <line number="89" hits="0"/>
            <line number="90" hits="0"/>
            <line number="93" hits="0"/>
            <line number="104" hits="0"/>
            <line number="111" hits="0"/>
            <line number="115" hits="0"/>
            <line number="116" hits="0"/>
            <line number="117" hits="0"/>
            <line number="133" hits="0"/>
            <line number="137" hits="0"/>
            <line number="138" hits="0"/>
            <line number="140" hits="0"/>
            <line number="141" hits="0"/>
            <line number="142" hits="0"/>
            <line number="145" hits="0"/>
            <line number="156" hits="0"/>
            <line number="177" hits="0"/>
            <line number="178" hits="0"/>
          </lines>
        </class>
      </classes>
    </package>
    <package name="" line-rate="0" branch-rate="0" complexity="10">
      <classes>
        <class name="App\Http\Controllers\FilesController" filename="Http/Controllers/FilesController.php" line-rate="0" branch-rate="0" complexity="10">
          <methods>
            <method name="index" signature="int $directories_id" line-rate="0" branch-rate="0" complexity="3">
              <lines>
                <line number="21" hits="0"/>
                <line number="23" hits="0"/>
                <line number="25" hits="0"/>
                <line number="31" hits="0"/>
                <line number="33" hits="0"/>
                <line number="35" hits="0"/>
                <line number="36" hits="0"/>
                <line number="39" hits="0"/>
                <line number="40" hits="0"/>
                <line number="47" hits="0"/>
                <line number="49" hits="0"/>
                <line number="51" hits="0"/>
                <line number="52" hits="0"/>
                <line number="56" hits="0"/>
                <line number="58" hits="0"/>
                <line number="65" hits="0"/>
                <line number="66" hits="0"/>
                <line number="68" hits="0"/>
              </lines>
            </method>
            <method name="search" signature="int $directories_id" line-rate="0" branch-rate="0" complexity="1">
              <lines>
                <line number="74" hits="0"/>
              </lines>
            </method>
            <method name="create" signature="int $directories_id" line-rate="0" branch-rate="0" complexity="1">
              <lines>
                <line number="83" hits="0"/>
                <line number="85" hits="0"/>
              </lines>
            </method>
            <method name="store" signature="Illuminate\Http\Request $request" line-rate="0" branch-rate="0" complexity="1">
              <lines>
                <line number="105" hits="0"/>
                <line number="109" hits="0"/>
                <line number="110" hits="0"/>
                <line number="111" hits="0"/>
                <line number="112" hits="0"/>
                <line number="113" hits="0"/>
                <line number="114" hits="0"/>
                <line number="116" hits="0"/>
                <line number="118" hits="0"/>
              </lines>
            </method>
            <method name="edit" signature="int $directories_id, int $id" line-rate="0" branch-rate="0" complexity="1">
              <lines>
                <line number="130" hits="0"/>
                <line number="138" hits="0"/>
                <line number="140" hits="0"/>
                <line number="142" hits="0"/>
                <line number="143" hits="0"/>
                <line number="144" hits="0"/>
              </lines>
            </method>
            <method name="update" signature="Illuminate\Http\Request $request, int $directories_id, int $id" line-rate="0" branch-rate="0" complexity="1">
              <lines>
                <line number="163" hits="0"/>
                <line number="167" hits="0"/>
                <line number="168" hits="0"/>
                <line number="170" hits="0"/>
                <line number="172" hits="0"/>
              </lines>
            </method>
            <method name="delete" signature="int $directories_id, int $id" line-rate="0" branch-rate="0" complexity="1">
              <lines>
                <line number="184" hits="0"/>
                <line number="186" hits="0"/>
              </lines>
            </method>
            <method name="destroy" signature="int $directories_id, int $id" line-rate="0" branch-rate="0" complexity="1">
              <lines>
                <line number="206" hits="0"/>
                <line number="207" hits="0"/>
                <line number="208" hits="0"/>
              </lines>
            </method>
          </methods>
          <lines>
            <line number="21" hits="0"/>
            <line number="23" hits="0"/>
            <line number="25" hits="0"/>
            <line number="31" hits="0"/>
            <line number="33" hits="0"/>
            <line number="35" hits="0"/>
            <line number="36" hits="0"/>
            <line number="39" hits="0"/>
            <line number="40" hits="0"/>
            <line number="47" hits="0"/>
            <line number="49" hits="0"/>
            <line number="51" hits="0"/>
            <line number="52" hits="0"/>
            <line number="56" hits="0"/>
            <line number="58" hits="0"/>
            <line number="65" hits="0"/>
            <line number="66" hits="0"/>
            <line number="68" hits="0"/>
            <line number="74" hits="0"/>
            <line number="83" hits="0"/>
            <line number="85" hits="0"/>
            <line number="105" hits="0"/>
            <line number="109" hits="0"/>
            <line number="110" hits="0"/>
            <line number="111" hits="0"/>
            <line number="112" hits="0"/>
            <line number="113" hits="0"/>
            <line number="114" hits="0"/>
            <line number="116" hits="0"/>
            <line number="118" hits="0"/>
            <line number="130" hits="0"/>
            <line number="138" hits="0"/>
            <line number="140" hits="0"/>
            <line number="142" hits="0"/>
            <line number="143" hits="0"/>
            <line number="144" hits="0"/>
            <line number="163" hits="0"/>
            <line number="167" hits="0"/>
            <line number="168" hits="0"/>
            <line number="170" hits="0"/>
            <line number="172" hits="0"/>
            <line number="184" hits="0"/>
            <line number="186" hits="0"/>
            <line number="206" hits="0"/>
            <line number="207" hits="0"/>
            <line number="208" hits="0"/>
          </lines>
        </class>
      </classes>
    </package>
    <package name="" line-rate="0" branch-rate="0" complexity="0">
      <classes>
        <class name="App\Http\Kernel" filename="Http/Kernel.php" line-rate="0" branch-rate="0" complexity="0">
          <methods/>
          <lines/>
        </class>
      </classes>
    </package>
    <package name="" line-rate="0" branch-rate="0" complexity="2">
      <classes>
        <class name="App\Http\Middleware\Authenticate" filename="Http/Middleware/Authenticate.php" line-rate="0" branch-rate="0" complexity="2">
          <methods>
            <method name="redirectTo" signature="$request" line-rate="0" branch-rate="0" complexity="2">
              <lines>
                <line number="17" hits="0"/>
                <line number="18" hits="0"/>
              </lines>
            </method>
          </methods>
          <lines>
            <line number="17" hits="0"/>
            <line number="18" hits="0"/>
          </lines>
        </class>
      </classes>
    </package>
    <package name="" line-rate="0" branch-rate="0" complexity="0">
      <classes>
        <class name="App\Http\Middleware\EncryptCookies" filename="Http/Middleware/EncryptCookies.php" line-rate="0" branch-rate="0" complexity="0">
          <methods/>
          <lines/>
        </class>
      </classes>
    </package>
    <package name="" line-rate="0" branch-rate="0" complexity="0">
      <classes>
        <class name="App\Http\Middleware\PreventRequestsDuringMaintenance" filename="Http/Middleware/PreventRequestsDuringMaintenance.php" line-rate="0" branch-rate="0" complexity="0">
          <methods/>
          <lines/>
        </class>
      </classes>
    </package>
    <package name="" line-rate="0" branch-rate="0" complexity="4">
      <classes>
        <class name="App\Http\Middleware\RedirectIfAuthenticated" filename="Http/Middleware/RedirectIfAuthenticated.php" line-rate="0" branch-rate="0" complexity="4">
          <methods>
            <method name="handle" signature="Illuminate\Http\Request $request, Closure $next, $guards" line-rate="0" branch-rate="0" complexity="4">
              <lines>
                <line number="22" hits="0"/>
                <line number="24" hits="0"/>
                <line number="25" hits="0"/>
                <line number="26" hits="0"/>
                <line number="30" hits="0"/>
              </lines>
            </method>
          </methods>
          <lines>
            <line number="22" hits="0"/>
            <line number="24" hits="0"/>
            <line number="25" hits="0"/>
            <line number="26" hits="0"/>
            <line number="30" hits="0"/>
          </lines>
        </class>
      </classes>
    </package>
    <package name="" line-rate="0" branch-rate="0" complexity="0">
      <classes>
        <class name="App\Http\Middleware\TrimStrings" filename="Http/Middleware/TrimStrings.php" line-rate="0" branch-rate="0" complexity="0">
          <methods/>
          <lines/>
        </class>
      </classes>
    </package>
    <package name="" line-rate="0" branch-rate="0" complexity="1">
      <classes>
        <class name="App\Http\Middleware\TrustHosts" filename="Http/Middleware/TrustHosts.php" line-rate="0" branch-rate="0" complexity="1">
          <methods>
            <method name="hosts" signature="" line-rate="0" branch-rate="0" complexity="1">
              <lines>
                <line number="17" hits="0"/>
              </lines>
            </method>
          </methods>
          <lines>
            <line number="17" hits="0"/>
          </lines>
        </class>
      </classes>
    </package>
    <package name="" line-rate="0" branch-rate="0" complexity="0">
      <classes>
        <class name="App\Http\Middleware\TrustProxies" filename="Http/Middleware/TrustProxies.php" line-rate="0" branch-rate="0" complexity="0">
          <methods/>
          <lines/>
        </class>
      </classes>
    </package>
    <package name="" line-rate="0" branch-rate="0" complexity="0">
      <classes>
        <class name="App\Http\Middleware\VerifyCsrfToken" filename="Http/Middleware/VerifyCsrfToken.php" line-rate="0" branch-rate="0" complexity="0">
          <methods/>
          <lines/>
        </class>
      </classes>
    </package>
    <package name="" line-rate="0" branch-rate="0" complexity="2">
      <classes>
        <class name="App\Models\Directory" filename="Models/Directory.php" line-rate="0" branch-rate="0" complexity="2">
          <methods>
            <method name="files" signature="" line-rate="0" branch-rate="0" complexity="1">
              <lines>
                <line number="40" hits="0"/>
              </lines>
            </method>
            <method name="parent_directories" signature="" line-rate="0" branch-rate="0" complexity="1">
              <lines>
                <line number="48" hits="0"/>
              </lines>
            </method>
          </methods>
          <lines>
            <line number="40" hits="0"/>
            <line number="48" hits="0"/>
          </lines>
        </class>
      </classes>
    </package>
    <package name="" line-rate="0" branch-rate="0" complexity="1">
      <classes>
        <class name="App\Models\File" filename="Models/File.php" line-rate="0" branch-rate="0" complexity="1">
          <methods>
            <method name="directory" signature="" line-rate="0" branch-rate="0" complexity="1">
              <lines>
                <line number="42" hits="0"/>
              </lines>
            </method>
          </methods>
          <lines>
            <line number="42" hits="0"/>
          </lines>
        </class>
      </classes>
    </package>
    <package name="" line-rate="0" branch-rate="0" complexity="2">
      <classes>
        <class name="App\Providers\AppServiceProvider" filename="Providers/AppServiceProvider.php" line-rate="0" branch-rate="0" complexity="2">
          <methods/>
          <lines/>
        </class>
      </classes>
    </package>
    <package name="" line-rate="1" branch-rate="0" complexity="1">
      <classes>
        <class name="App\Providers\AuthServiceProvider" filename="Providers/AuthServiceProvider.php" line-rate="1" branch-rate="0" complexity="1">
          <methods>
            <method name="boot" signature="" line-rate="1" branch-rate="0" complexity="1">
              <lines>
                <line number="26" hits="3"/>
              </lines>
            </method>
          </methods>
          <lines>
            <line number="26" hits="3"/>
          </lines>
        </class>
      </classes>
    </package>
    <package name="" line-rate="0" branch-rate="0" complexity="1">
      <classes>
        <class name="App\Providers\BroadcastServiceProvider" filename="Providers/BroadcastServiceProvider.php" line-rate="0" branch-rate="0" complexity="1">
          <methods>
            <method name="boot" signature="" line-rate="0" branch-rate="0" complexity="1">
              <lines>
                <line number="17" hits="0"/>
                <line number="19" hits="0"/>
              </lines>
            </method>
          </methods>
          <lines>
            <line number="17" hits="0"/>
            <line number="19" hits="0"/>
          </lines>
        </class>
      </classes>
    </package>
    <package name="" line-rate="0" branch-rate="0" complexity="1">
      <classes>
        <class name="App\Providers\EventServiceProvider" filename="Providers/EventServiceProvider.php" line-rate="0" branch-rate="0" complexity="1">
          <methods/>
          <lines/>
        </class>
      </classes>
    </package>
    <package name="" line-rate="0.27272727272727" branch-rate="0" complexity="3">
      <classes>
        <class name="App\Providers\RouteServiceProvider" filename="Providers/RouteServiceProvider.php" line-rate="0.27272727272727" branch-rate="0" complexity="3">
          <methods>
            <method name="boot" signature="" line-rate="0.22222222222222" branch-rate="0" complexity="1">
              <lines>
                <line number="38" hits="3"/>
                <line number="40" hits="3"/>
                <line number="41" hits="0"/>
                <line number="42" hits="0"/>
                <line number="43" hits="0"/>
                <line number="44" hits="0"/>
                <line number="46" hits="0"/>
                <line number="47" hits="0"/>
                <line number="48" hits="0"/>
              </lines>
            </method>
            <method name="configureRateLimiting" signature="" line-rate="0.5" branch-rate="0" complexity="2">
              <lines>
                <line number="59" hits="3"/>
                <line number="60" hits="0"/>
              </lines>
            </method>
          </methods>
          <lines>
            <line number="38" hits="3"/>
            <line number="40" hits="3"/>
            <line number="41" hits="0"/>
            <line number="42" hits="0"/>
            <line number="43" hits="0"/>
            <line number="44" hits="0"/>
            <line number="46" hits="0"/>
            <line number="47" hits="0"/>
            <line number="48" hits="0"/>
            <line number="59" hits="3"/>
            <line number="60" hits="0"/>
          </lines>
        </class>
      </classes>
    </package>
  </packages>
</coverage>
